<?xml version="1.0" encoding="UTF-8"?>
<testsuite name="CatTest" tests="2" skipped="0" failures="0" errors="0" timestamp="2020-09-17T18:35:47" hostname="DESKTOP-ILDL2A7" time="0.003">
  <properties/>
  <testcase name="setAge_WRONG_VALUE" classname="CatTest" time="0.002"/>
  <testcase name="setAge" classname="CatTest" time="0.0"/>
  <system-out><![CDATA[]]></system-out>
  <system-err><![CDATA[]]></system-err>
</testsuite>
